<?xml version="1.0" encoding="UTF-8"?>
<testng-results ignored="0" total="2" passed="2" failed="0" skipped="0">
  <reporter-output>
  </reporter-output>
  <suite started-at="2024-10-21T21:30:37 IST" name="Suite" finished-at="2024-10-21T21:30:58 IST" duration-ms="21884">
    <groups>
      <group name="Master">
        <method signature="TC01_LoginTest.verify_account_login()[pri:0, instance:testCase.TC01_LoginTest@4dd02341]" name="verify_account_login" class="testCase.TC01_LoginTest"/>
        <method signature="TC02_ExpenseType_Test.verify_expent_type()[pri:0, instance:testCase.TC02_ExpenseType_Test@93cf163]" name="verify_expent_type" class="testCase.TC02_ExpenseType_Test"/>
      </group> <!-- Master -->
      <group name="regression">
        <method signature="TC02_ExpenseType_Test.verify_expent_type()[pri:0, instance:testCase.TC02_ExpenseType_Test@93cf163]" name="verify_expent_type" class="testCase.TC02_ExpenseType_Test"/>
      </group> <!-- regression -->
      <group name="sanity">
        <method signature="TC01_LoginTest.verify_account_login()[pri:0, instance:testCase.TC01_LoginTest@4dd02341]" name="verify_account_login" class="testCase.TC01_LoginTest"/>
      </group> <!-- sanity -->
    </groups>
    <test started-at="2024-10-21T21:30:37 IST" name="Testchrome" finished-at="2024-10-21T21:30:58 IST" duration-ms="21884">
      <class name="testCase.TC01_LoginTest">
        <test-method is-config="true" signature="setup(java.lang.String,java.lang.String)[pri:0, instance:testCase.TC01_LoginTest@4dd02341]" started-at="2024-10-21T21:30:37 IST" name="setup" finished-at="2024-10-21T21:30:41 IST" duration-ms="4236" status="PASS">
          <params>
            <param index="0">
              <value>
                <![CDATA[windows]]>
              </value>
            </param>
            <param index="1">
              <value>
                <![CDATA[chrome]]>
              </value>
            </param>
          </params>
          <reporter-output>
          </reporter-output>
        </test-method> <!-- setup -->
        <test-method signature="verify_account_login()[pri:0, instance:testCase.TC01_LoginTest@4dd02341]" started-at="2024-10-21T21:30:41 IST" name="verify_account_login" finished-at="2024-10-21T21:30:43 IST" duration-ms="1853" status="PASS">
          <reporter-output>
          </reporter-output>
        </test-method> <!-- verify_account_login -->
        <test-method is-config="true" signature="tearDown()[pri:0, instance:testCase.TC01_LoginTest@4dd02341]" started-at="2024-10-21T21:30:43 IST" name="tearDown" finished-at="2024-10-21T21:30:43 IST" duration-ms="94" status="PASS">
          <reporter-output>
          </reporter-output>
        </test-method> <!-- tearDown -->
      </class> <!-- testCase.TC01_LoginTest -->
      <class name="testCase.TC02_ExpenseType_Test">
        <test-method is-config="true" signature="setup(java.lang.String,java.lang.String)[pri:0, instance:testCase.TC02_ExpenseType_Test@93cf163]" started-at="2024-10-21T21:30:43 IST" name="setup" finished-at="2024-10-21T21:30:46 IST" duration-ms="3623" status="PASS">
          <params>
            <param index="0">
              <value>
                <![CDATA[windows]]>
              </value>
            </param>
            <param index="1">
              <value>
                <![CDATA[chrome]]>
              </value>
            </param>
          </params>
          <reporter-output>
          </reporter-output>
        </test-method> <!-- setup -->
        <test-method signature="verify_expent_type()[pri:0, instance:testCase.TC02_ExpenseType_Test@93cf163]" started-at="2024-10-21T21:30:46 IST" name="verify_expent_type" finished-at="2024-10-21T21:30:58 IST" duration-ms="11883" status="PASS">
          <reporter-output>
          </reporter-output>
        </test-method> <!-- verify_expent_type -->
        <test-method is-config="true" signature="tearDown()[pri:0, instance:testCase.TC02_ExpenseType_Test@93cf163]" started-at="2024-10-21T21:30:58 IST" name="tearDown" finished-at="2024-10-21T21:30:58 IST" duration-ms="153" status="PASS">
          <reporter-output>
          </reporter-output>
        </test-method> <!-- tearDown -->
      </class> <!-- testCase.TC02_ExpenseType_Test -->
    </test> <!-- Testchrome -->
  </suite> <!-- Suite -->
</testng-results>
