<?xml version="1.0" encoding="UTF-8"?>
<testng-results ignored="0" total="1" passed="1" failed="0" skipped="0">
  <reporter-output>
  </reporter-output>
  <suite started-at="2024-10-22T14:04:11 IST" name="Suite" finished-at="2024-10-22T14:04:20 IST" duration-ms="8697">
    <groups>
      <group name="Master">
        <method signature="TC01_LoginTest.verify_account_login()[pri:0, instance:testCase.TC01_LoginTest@61c9c3fd]" name="verify_account_login" class="testCase.TC01_LoginTest"/>
      </group> <!-- Master -->
      <group name="sanity">
        <method signature="TC01_LoginTest.verify_account_login()[pri:0, instance:testCase.TC01_LoginTest@61c9c3fd]" name="verify_account_login" class="testCase.TC01_LoginTest"/>
      </group> <!-- sanity -->
    </groups>
    <test started-at="2024-10-22T14:04:11 IST" name="Testchrome" finished-at="2024-10-22T14:04:20 IST" duration-ms="8697">
      <class name="testCase.TC01_LoginTest">
        <test-method is-config="true" signature="setup(java.lang.String,java.lang.String)[pri:0, instance:testCase.TC01_LoginTest@61c9c3fd]" started-at="2024-10-22T14:04:11 IST" name="setup" finished-at="2024-10-22T14:04:18 IST" duration-ms="6378" status="PASS">
          <params>
            <param index="0">
              <value>
                <![CDATA[windows]]>
              </value>
            </param>
            <param index="1">
              <value>
                <![CDATA[chrome]]>
              </value>
            </param>
          </params>
          <reporter-output>
          </reporter-output>
        </test-method> <!-- setup -->
        <test-method signature="verify_account_login()[pri:0, instance:testCase.TC01_LoginTest@61c9c3fd]" started-at="2024-10-22T14:04:18 IST" name="verify_account_login" finished-at="2024-10-22T14:04:19 IST" duration-ms="1857" status="PASS">
          <reporter-output>
          </reporter-output>
        </test-method> <!-- verify_account_login -->
        <test-method is-config="true" signature="tearDown()[pri:0, instance:testCase.TC01_LoginTest@61c9c3fd]" started-at="2024-10-22T14:04:19 IST" name="tearDown" finished-at="2024-10-22T14:04:20 IST" duration-ms="100" status="PASS">
          <reporter-output>
          </reporter-output>
        </test-method> <!-- tearDown -->
      </class> <!-- testCase.TC01_LoginTest -->
    </test> <!-- Testchrome -->
  </suite> <!-- Suite -->
</testng-results>
